# JRE version: Java(TM) SE Runtime Environment (8.0_66-b17) (build 1.8.0_66-b17)
# Java VM: Java HotSpot(TM) 64-Bit Server VM (25.66-b17 mixed mode linux-amd64 compressed oops)
Heap:
 PSYoungGen      total 274432K, used 41857K [0x00000000eab00000, 0x0000000100000000, 0x0000000100000000)
  eden space 199680K, 0% used [0x00000000eab00000,0x00000000eab00000,0x00000000f6e00000)
  from space 74752K, 55% used [0x00000000f6e00000,0x00000000f96e0660,0x00000000fb700000)
  to   space 74752K, 0% used [0x00000000fb700000,0x00000000fb700000,0x0000000100000000)
 ParOldGen       total 220672K, used 220580K [0x00000000c0000000, 0x00000000cd780000, 0x00000000eab00000)
  object space 220672K, 99% used [0x00000000c0000000,0x00000000cd769318,0x00000000cd780000)
 Metaspace       used 6544K, capacity 7320K, committed 7680K, reserved 1056768K
  class space    used 614K, capacity 656K, committed 768K, reserved 1048576K
GC Heap History (10 events):
Event: 9.817 GC heap after
Heap after GC invocations=16 (full 2):
 PSYoungGen      total 268800K, used 51684K [0x00000000eab00000, 0x0000000100000000, 0x0000000100000000)
  eden space 217088K, 0% used [0x00000000eab00000,0x00000000eab00000,0x00000000f7f00000)
  from space 51712K, 99% used [0x00000000fcd80000,0x00000000ffff9130,0x0000000100000000)
  to   space 66048K, 0% used [0x00000000f7f00000,0x00000000f7f00000,0x00000000fbf80000)
 ParOldGen       total 137216K, used 123772K [0x00000000c0000000, 0x00000000c8600000, 0x00000000eab00000)
  object space 137216K, 90% used [0x00000000c0000000,0x00000000c78df3b8,0x00000000c8600000)
 Metaspace       used 6515K, capacity 7256K, committed 7424K, reserved 1056768K
  class space    used 614K, capacity 656K, committed 768K, reserved 1048576K
}
Event: 9.817 GC heap before
{Heap before GC invocations=17 (full 3):
 PSYoungGen      total 268800K, used 51684K [0x00000000eab00000, 0x0000000100000000, 0x0000000100000000)
  eden space 217088K, 0% used [0x00000000eab00000,0x00000000eab00000,0x00000000f7f00000)
  from space 51712K, 99% used [0x00000000fcd80000,0x00000000ffff9130,0x0000000100000000)
  to   space 66048K, 0% used [0x00000000f7f00000,0x00000000f7f00000,0x00000000fbf80000)
 ParOldGen       total 137216K, used 123772K [0x00000000c0000000, 0x00000000c8600000, 0x00000000eab00000)
  object space 137216K, 90% used [0x00000000c0000000,0x00000000c78df3b8,0x00000000c8600000)
 Metaspace       used 6515K, capacity 7256K, committed 7424K, reserved 1056768K
  class space    used 614K, capacity 656K, committed 768K, reserved 1048576K
Event: 11.294 GC heap after
Heap after GC invocations=17 (full 3):
 PSYoungGen      total 268800K, used 36197K [0x00000000eab00000, 0x0000000100000000, 0x0000000100000000)
  eden space 217088K, 0% used [0x00000000eab00000,0x00000000eab00000,0x00000000f7f00000)
  from space 51712K, 69% used [0x00000000fcd80000,0x00000000ff0d9460,0x0000000100000000)
  to   space 66048K, 0% used [0x00000000f7f00000,0x00000000f7f00000,0x00000000fbf80000)
 ParOldGen       total 220672K, used 136719K [0x00000000c0000000, 0x00000000cd780000, 0x00000000eab00000)
  object space 220672K, 61% used [0x00000000c0000000,0x00000000c8583d28,0x00000000cd780000)
 Metaspace       used 6515K, capacity 7256K, committed 7424K, reserved 1056768K
  class space    used 614K, capacity 656K, committed 768K, reserved 1048576K
}
Event: 12.190 GC heap before
{Heap before GC invocations=18 (full 3):
 PSYoungGen      total 268800K, used 253285K [0x00000000eab00000, 0x0000000100000000, 0x0000000100000000)
  eden space 217088K, 100% used [0x00000000eab00000,0x00000000f7f00000,0x00000000f7f00000)
  from space 51712K, 69% used [0x00000000fcd80000,0x00000000ff0d9460,0x0000000100000000)
  to   space 66048K, 0% used [0x00000000f7f00000,0x00000000f7f00000,0x00000000fbf80000)
 ParOldGen       total 220672K, used 136719K [0x00000000c0000000, 0x00000000cd780000, 0x00000000eab00000)
  object space 220672K, 61% used [0x00000000c0000000,0x00000000c8583d28,0x00000000cd780000)
 Metaspace       used 6519K, capacity 7256K, committed 7424K, reserved 1056768K
  class space    used 614K, capacity 656K, committed 768K, reserved 1048576K
Event: 12.430 GC heap after
Heap after GC invocations=18 (full 3):
 PSYoungGen      total 283136K, used 31312K [0x00000000eab00000, 0x0000000100000000, 0x0000000100000000)
  eden space 217088K, 0% used [0x00000000eab00000,0x00000000eab00000,0x00000000f7f00000)
  from space 66048K, 47% used [0x00000000f7f00000,0x00000000f9d94080,0x00000000fbf80000)
  to   space 65024K, 0% used [0x00000000fc080000,0x00000000fc080000,0x0000000100000000)
 ParOldGen       total 220672K, used 173117K [0x00000000c0000000, 0x00000000cd780000, 0x00000000eab00000)
  object space 220672K, 78% used [0x00000000c0000000,0x00000000ca90f6b8,0x00000000cd780000)
 Metaspace       used 6519K, capacity 7256K, committed 7424K, reserved 1056768K
  class space    used 614K, capacity 656K, committed 768K, reserved 1048576K
}
Event: 13.501 GC heap before
{Heap before GC invocations=19 (full 3):
 PSYoungGen      total 283136K, used 248400K [0x00000000eab00000, 0x0000000100000000, 0x0000000100000000)
  eden space 217088K, 100% used [0x00000000eab00000,0x00000000f7f00000,0x00000000f7f00000)
  from space 66048K, 47% used [0x00000000f7f00000,0x00000000f9d94080,0x00000000fbf80000)
  to   space 65024K, 0% used [0x00000000fc080000,0x00000000fc080000,0x0000000100000000)
 ParOldGen       total 220672K, used 173117K [0x00000000c0000000, 0x00000000cd780000, 0x00000000eab00000)
  object space 220672K, 78% used [0x00000000c0000000,0x00000000ca90f6b8,0x00000000cd780000)
 Metaspace       used 6531K, capacity 7320K, committed 7680K, reserved 1056768K
  class space    used 614K, capacity 656K, committed 768K, reserved 1048576K
Event: 13.643 GC heap after
Heap after GC invocations=19 (full 3):
 PSYoungGen      total 264704K, used 61752K [0x00000000eab00000, 0x0000000100000000, 0x0000000100000000)
  eden space 199680K, 0% used [0x00000000eab00000,0x00000000eab00000,0x00000000f6e00000)
  from space 65024K, 94% used [0x00000000fc080000,0x00000000ffcce1d0,0x0000000100000000)
  to   space 74752K, 0% used [0x00000000f6e00000,0x00000000f6e00000,0x00000000fb700000)
 ParOldGen       total 220672K, used 173125K [0x00000000c0000000, 0x00000000cd780000, 0x00000000eab00000)
  object space 220672K, 78% used [0x00000000c0000000,0x00000000ca9116b8,0x00000000cd780000)
 Metaspace       used 6531K, capacity 7320K, committed 7680K, reserved 1056768K
  class space    used 614K, capacity 656K, committed 768K, reserved 1048576K
}
Event: 14.460 GC heap before
{Heap before GC invocations=20 (full 3):
 PSYoungGen      total 264704K, used 261432K [0x00000000eab00000, 0x0000000100000000, 0x0000000100000000)
  eden space 199680K, 100% used [0x00000000eab00000,0x00000000f6e00000,0x00000000f6e00000)
  from space 65024K, 94% used [0x00000000fc080000,0x00000000ffcce1d0,0x0000000100000000)
  to   space 74752K, 0% used [0x00000000f6e00000,0x00000000f6e00000,0x00000000fb700000)
 ParOldGen       total 220672K, used 173125K [0x00000000c0000000, 0x00000000cd780000, 0x00000000eab00000)
  object space 220672K, 78% used [0x00000000c0000000,0x00000000ca9116b8,0x00000000cd780000)
 Metaspace       used 6544K, capacity 7320K, committed 7680K, reserved 1056768K
  class space    used 614K, capacity 656K, committed 768K, reserved 1048576K
Event: 14.692 GC heap after
Heap after GC invocations=20 (full 3):
 PSYoungGen      total 274432K, used 74726K [0x00000000eab00000, 0x0000000100000000, 0x0000000100000000)
  eden space 199680K, 0% used [0x00000000eab00000,0x00000000eab00000,0x00000000f6e00000)
  from space 74752K, 99% used [0x00000000f6e00000,0x00000000fb6f98c8,0x00000000fb700000)
  to   space 74752K, 0% used [0x00000000fb700000,0x00000000fb700000,0x0000000100000000)
 ParOldGen       total 220672K, used 189948K [0x00000000c0000000, 0x00000000cd780000, 0x00000000eab00000)
  object space 220672K, 86% used [0x00000000c0000000,0x00000000cb97f088,0x00000000cd780000)
 Metaspace       used 6544K, capacity 7320K, committed 7680K, reserved 1056768K
  class space    used 614K, capacity 656K, committed 768K, reserved 1048576K
}
Event: 14.692 GC heap before
{Heap before GC invocations=21 (full 4):
 PSYoungGen      total 274432K, used 74726K [0x00000000eab00000, 0x0000000100000000, 0x0000000100000000)
  eden space 199680K, 0% used [0x00000000eab00000,0x00000000eab00000,0x00000000f6e00000)
  from space 74752K, 99% used [0x00000000f6e00000,0x00000000fb6f98c8,0x00000000fb700000)
  to   space 74752K, 0% used [0x00000000fb700000,0x00000000fb700000,0x0000000100000000)
 ParOldGen       total 220672K, used 189948K [0x00000000c0000000, 0x00000000cd780000, 0x00000000eab00000)
  object space 220672K, 86% used [0x00000000c0000000,0x00000000cb97f088,0x00000000cd780000)
 Metaspace       used 6544K, capacity 7320K, committed 7680K, reserved 1056768K
  class space    used 614K, capacity 656K, committed 768K, reserved 1048576K

