# JRE version: Java(TM) SE Runtime Environment (8.0_66-b17) (build 1.8.0_66-b17)
# Java VM: Java HotSpot(TM) 64-Bit Server VM (25.66-b17 mixed mode linux-amd64 compressed oops)
Heap:
 PSYoungGen      total 274432K, used 50013K [0x00000000eab00000, 0x0000000100000000, 0x0000000100000000)
  eden space 199680K, 0% used [0x00000000eab00000,0x00000000eab00000,0x00000000f6e00000)
  from space 74752K, 66% used [0x00000000f6e00000,0x00000000f9ed7428,0x00000000fb700000)
  to   space 74752K, 0% used [0x00000000fb700000,0x00000000fb700000,0x0000000100000000)
 ParOldGen       total 210944K, used 210746K [0x00000000c0000000, 0x00000000cce00000, 0x00000000eab00000)
  object space 210944K, 99% used [0x00000000c0000000,0x00000000ccdceb88,0x00000000cce00000)
 Metaspace       used 6576K, capacity 7320K, committed 7680K, reserved 1056768K
  class space    used 614K, capacity 656K, committed 768K, reserved 1048576K
GC Heap History (10 events):
Event: 12.378 GC heap after
Heap after GC invocations=16 (full 2):
 PSYoungGen      total 268288K, used 52196K [0x00000000eab00000, 0x0000000100000000, 0x0000000100000000)
  eden space 216064K, 0% used [0x00000000eab00000,0x00000000eab00000,0x00000000f7e00000)
  from space 52224K, 99% used [0x00000000fcd00000,0x00000000ffff9328,0x0000000100000000)
  to   space 66560K, 0% used [0x00000000f7e00000,0x00000000f7e00000,0x00000000fbf00000)
 ParOldGen       total 132608K, used 120829K [0x00000000c0000000, 0x00000000c8180000, 0x00000000eab00000)
  object space 132608K, 91% used [0x00000000c0000000,0x00000000c75ff6e0,0x00000000c8180000)
 Metaspace       used 6550K, capacity 7320K, committed 7680K, reserved 1056768K
  class space    used 614K, capacity 656K, committed 768K, reserved 1048576K
}
Event: 12.378 GC heap before
{Heap before GC invocations=17 (full 3):
 PSYoungGen      total 268288K, used 52196K [0x00000000eab00000, 0x0000000100000000, 0x0000000100000000)
  eden space 216064K, 0% used [0x00000000eab00000,0x00000000eab00000,0x00000000f7e00000)
  from space 52224K, 99% used [0x00000000fcd00000,0x00000000ffff9328,0x0000000100000000)
  to   space 66560K, 0% used [0x00000000f7e00000,0x00000000f7e00000,0x00000000fbf00000)
 ParOldGen       total 132608K, used 120829K [0x00000000c0000000, 0x00000000c8180000, 0x00000000eab00000)
  object space 132608K, 91% used [0x00000000c0000000,0x00000000c75ff6e0,0x00000000c8180000)
 Metaspace       used 6550K, capacity 7320K, committed 7680K, reserved 1056768K
  class space    used 614K, capacity 656K, committed 768K, reserved 1048576K
Event: 13.783 GC heap after
Heap after GC invocations=17 (full 3):
 PSYoungGen      total 268288K, used 38265K [0x00000000eab00000, 0x0000000100000000, 0x0000000100000000)
  eden space 216064K, 0% used [0x00000000eab00000,0x00000000eab00000,0x00000000f7e00000)
  from space 52224K, 73% used [0x00000000fcd00000,0x00000000ff25e700,0x0000000100000000)
  to   space 66560K, 0% used [0x00000000f7e00000,0x00000000f7e00000,0x00000000fbf00000)
 ParOldGen       total 210944K, used 132408K [0x00000000c0000000, 0x00000000cce00000, 0x00000000eab00000)
  object space 210944K, 62% used [0x00000000c0000000,0x00000000c814e268,0x00000000cce00000)
 Metaspace       used 6550K, capacity 7320K, committed 7680K, reserved 1056768K
  class space    used 614K, capacity 656K, committed 768K, reserved 1048576K
}
Event: 14.636 GC heap before
{Heap before GC invocations=18 (full 3):
 PSYoungGen      total 268288K, used 254329K [0x00000000eab00000, 0x0000000100000000, 0x0000000100000000)
  eden space 216064K, 100% used [0x00000000eab00000,0x00000000f7e00000,0x00000000f7e00000)
  from space 52224K, 73% used [0x00000000fcd00000,0x00000000ff25e700,0x0000000100000000)
  to   space 66560K, 0% used [0x00000000f7e00000,0x00000000f7e00000,0x00000000fbf00000)
 ParOldGen       total 210944K, used 132408K [0x00000000c0000000, 0x00000000cce00000, 0x00000000eab00000)
  object space 210944K, 62% used [0x00000000c0000000,0x00000000c814e268,0x00000000cce00000)
 Metaspace       used 6554K, capacity 7320K, committed 7680K, reserved 1056768K
  class space    used 614K, capacity 656K, committed 768K, reserved 1048576K
Event: 14.917 GC heap after
Heap after GC invocations=18 (full 3):
 PSYoungGen      total 282624K, used 31027K [0x00000000eab00000, 0x0000000100000000, 0x0000000100000000)
  eden space 216064K, 0% used [0x00000000eab00000,0x00000000eab00000,0x00000000f7e00000)
  from space 66560K, 46% used [0x00000000f7e00000,0x00000000f9c4cd48,0x00000000fbf00000)
  to   space 65024K, 0% used [0x00000000fc080000,0x00000000fc080000,0x0000000100000000)
 ParOldGen       total 210944K, used 170902K [0x00000000c0000000, 0x00000000cce00000, 0x00000000eab00000)
  object space 210944K, 81% used [0x00000000c0000000,0x00000000ca6e5928,0x00000000cce00000)
 Metaspace       used 6554K, capacity 7320K, committed 7680K, reserved 1056768K
  class space    used 614K, capacity 656K, committed 768K, reserved 1048576K
}
Event: 15.854 GC heap before
{Heap before GC invocations=19 (full 3):
 PSYoungGen      total 282624K, used 247091K [0x00000000eab00000, 0x0000000100000000, 0x0000000100000000)
  eden space 216064K, 100% used [0x00000000eab00000,0x00000000f7e00000,0x00000000f7e00000)
  from space 66560K, 46% used [0x00000000f7e00000,0x00000000f9c4cd48,0x00000000fbf00000)
  to   space 65024K, 0% used [0x00000000fc080000,0x00000000fc080000,0x0000000100000000)
 ParOldGen       total 210944K, used 170902K [0x00000000c0000000, 0x00000000cce00000, 0x00000000eab00000)
  object space 210944K, 81% used [0x00000000c0000000,0x00000000ca6e5928,0x00000000cce00000)
 Metaspace       used 6572K, capacity 7320K, committed 7680K, reserved 1056768K
  class space    used 614K, capacity 656K, committed 768K, reserved 1048576K
Event: 15.952 GC heap after
Heap after GC invocations=19 (full 3):
 PSYoungGen      total 264704K, used 62415K [0x00000000eab00000, 0x0000000100000000, 0x0000000100000000)
  eden space 199680K, 0% used [0x00000000eab00000,0x00000000eab00000,0x00000000f6e00000)
  from space 65024K, 95% used [0x00000000fc080000,0x00000000ffd73cb8,0x0000000100000000)
  to   space 74752K, 0% used [0x00000000f6e00000,0x00000000f6e00000,0x00000000fb700000)
 ParOldGen       total 210944K, used 170902K [0x00000000c0000000, 0x00000000cce00000, 0x00000000eab00000)
  object space 210944K, 81% used [0x00000000c0000000,0x00000000ca6e5928,0x00000000cce00000)
 Metaspace       used 6572K, capacity 7320K, committed 7680K, reserved 1056768K
  class space    used 614K, capacity 656K, committed 768K, reserved 1048576K
}
Event: 16.793 GC heap before
{Heap before GC invocations=20 (full 3):
 PSYoungGen      total 264704K, used 262095K [0x00000000eab00000, 0x0000000100000000, 0x0000000100000000)
  eden space 199680K, 100% used [0x00000000eab00000,0x00000000f6e00000,0x00000000f6e00000)
  from space 65024K, 95% used [0x00000000fc080000,0x00000000ffd73cb8,0x0000000100000000)
  to   space 74752K, 0% used [0x00000000f6e00000,0x00000000f6e00000,0x00000000fb700000)
 ParOldGen       total 210944K, used 170902K [0x00000000c0000000, 0x00000000cce00000, 0x00000000eab00000)
  object space 210944K, 81% used [0x00000000c0000000,0x00000000ca6e5928,0x00000000cce00000)
 Metaspace       used 6576K, capacity 7320K, committed 7680K, reserved 1056768K
  class space    used 614K, capacity 656K, committed 768K, reserved 1048576K
Event: 16.975 GC heap after
Heap after GC invocations=20 (full 3):
 PSYoungGen      total 274432K, used 74734K [0x00000000eab00000, 0x0000000100000000, 0x0000000100000000)
  eden space 199680K, 0% used [0x00000000eab00000,0x00000000eab00000,0x00000000f6e00000)
  from space 74752K, 99% used [0x00000000f6e00000,0x00000000fb6fbbe8,0x00000000fb700000)
  to   space 74752K, 0% used [0x00000000fb700000,0x00000000fb700000,0x0000000100000000)
 ParOldGen       total 210944K, used 188564K [0x00000000c0000000, 0x00000000cce00000, 0x00000000eab00000)
  object space 210944K, 89% used [0x00000000c0000000,0x00000000cb8253f0,0x00000000cce00000)
 Metaspace       used 6576K, capacity 7320K, committed 7680K, reserved 1056768K
  class space    used 614K, capacity 656K, committed 768K, reserved 1048576K
}
Event: 16.975 GC heap before
{Heap before GC invocations=21 (full 4):
 PSYoungGen      total 274432K, used 74734K [0x00000000eab00000, 0x0000000100000000, 0x0000000100000000)
  eden space 199680K, 0% used [0x00000000eab00000,0x00000000eab00000,0x00000000f6e00000)
  from space 74752K, 99% used [0x00000000f6e00000,0x00000000fb6fbbe8,0x00000000fb700000)
  to   space 74752K, 0% used [0x00000000fb700000,0x00000000fb700000,0x0000000100000000)
 ParOldGen       total 210944K, used 188564K [0x00000000c0000000, 0x00000000cce00000, 0x00000000eab00000)
  object space 210944K, 89% used [0x00000000c0000000,0x00000000cb8253f0,0x00000000cce00000)
 Metaspace       used 6576K, capacity 7320K, committed 7680K, reserved 1056768K
  class space    used 614K, capacity 656K, committed 768K, reserved 1048576K

